<?xml version="1.0" encoding="UTF-8"?>
<!-- Generated by org.testng.reporters.JUnitReportReporter -->
<testsuite hostname="DESKTOP-A8J7QHQ" failures="0" tests="15" name="ApiTest.RestApi" time="15.721" errors="0" timestamp="2023-03-27T14:23:39 EDT" skipped="0">
  <testcase classname="ApiTest.RestApi" name="GetListUsersApi" time="0.297"/>
  <system-out/>
  <testcase classname="ApiTest.RestApi" name="GetDelayedResponse" time="3.911"/>
  <system-out/>
  <testcase classname="ApiTest.RestApi" name="PostCreate" time="0.547"/>
  <system-out/>
  <testcase classname="ApiTest.RestApi" name="PostRegisterUnSuccessful" time="0.403"/>
  <system-out/>
  <testcase classname="ApiTest.RestApi" name="PutUpdate" time="0.523"/>
  <system-out/>
  <testcase classname="ApiTest.RestApi" name="GetSingleUserNotFound" time="0.433"/>
  <system-out/>
  <testcase classname="ApiTest.RestApi" name="PatchUpdate" time="2.511"/>
  <system-out/>
  <testcase classname="ApiTest.RestApi" name="PostLoginSuccessful" time="0.454"/>
  <system-out/>
  <testcase classname="ApiTest.RestApi" name="PostLoginUnSuccessful" time="0.487"/>
  <system-out/>
  <testcase classname="ApiTest.RestApi" name="PostRegisterSuccessful" time="0.471"/>
  <system-out/>
  <testcase classname="ApiTest.RestApi" name="GetSingleResource" time="0.284"/>
  <system-out/>
  <testcase classname="ApiTest.RestApi" name="Delete" time="4.484"/>
  <system-out/>
  <testcase classname="ApiTest.RestApi" name="GetSingleUser" time="0.259"/>
  <system-out/>
  <testcase classname="ApiTest.RestApi" name="GetListResourceNotFound" time="0.406"/>
  <system-out/>
  <testcase classname="ApiTest.RestApi" name="GetListResource" time="0.251"/>
  <system-out/>
</testsuite> <!-- ApiTest.RestApi -->
